<?xml version="1.0" encoding="UTF-8"?>
<robot generator="Robot 3.1.2 (Python 3.8.1 on win32)" generated="20200218 16:10:33.536" rpa="false">
<suite id="s1" name="TestSmurf" source="D:\File\TestSprint1_SE\TestSmurf.robot">
<test id="s1-t1" name="TC01(TestScenario1)">
<kw name="Open Browser" library="SeleniumLibrary">
<doc>Opens a new browser instance to the optional ``url``.</doc>
<arguments>
<arg>${WELCOME URL}</arg>
<arg>${BROWSER}</arg>
</arguments>
<msg timestamp="20200218 16:10:33.777" level="INFO">Opening browser 'chrome' to base url 'http://10.199.66.227/SoftEn2020/Sec02/Smurf/template/UIshowlist.php'.</msg>
<status status="PASS" starttime="20200218 16:10:33.777" endtime="20200218 16:10:40.489"></status>
</kw>
<kw name="Set Selenium Speed" library="SeleniumLibrary">
<doc>Sets the delay that is waited after each Selenium command.</doc>
<arguments>
<arg>${DELAY}</arg>
</arguments>
<status status="PASS" starttime="20200218 16:10:40.491" endtime="20200218 16:10:40.492"></status>
</kw>
<kw name="Location Should Be" library="SeleniumLibrary">
<doc>Verifies that the current URL is exactly ``url``.</doc>
<arguments>
<arg>${WELCOME URL}</arg>
</arguments>
<msg timestamp="20200218 16:10:40.521" level="INFO">Current location is 'http://10.199.66.227/SoftEn2020/Sec02/Smurf/template/UIshowlist.php'.</msg>
<status status="PASS" starttime="20200218 16:10:40.492" endtime="20200218 16:10:40.521"></status>
</kw>
<kw name="Capture Page Screenshot" library="SeleniumLibrary">
<doc>Takes a screenshot of the current page and embeds it into a log file.</doc>
<arguments>
<arg>TC01[TestScenario1].jpg</arg>
</arguments>
<msg timestamp="20200218 16:10:41.168" level="INFO" html="yes">&lt;/td&gt;&lt;/tr&gt;&lt;tr&gt;&lt;td colspan="3"&gt;&lt;a href="TC01%5BTestScenario1%5D.jpg"&gt;&lt;img src="TC01%5BTestScenario1%5D.jpg" width="800px"&gt;&lt;/a&gt;</msg>
<msg timestamp="20200218 16:10:41.168" level="INFO">c:\users\jel\appdata\local\programs\python\python38-32\lib\site-packages\selenium\webdriver\remote\webdriver.py:1030: UserWarning: name used for saved screenshot does not match file type. It should end with a `.png` extension
  warnings.warn("name used for saved screenshot does not match file "</msg>
<status status="PASS" starttime="20200218 16:10:40.521" endtime="20200218 16:10:41.169"></status>
</kw>
<kw name="Close Browser" library="SeleniumLibrary">
<doc>Closes the current browser.</doc>
<status status="PASS" starttime="20200218 16:10:41.171" endtime="20200218 16:10:43.407"></status>
</kw>
<status status="PASS" starttime="20200218 16:10:33.777" endtime="20200218 16:10:43.408" critical="yes"></status>
</test>
<test id="s1-t2" name="TC01(TestScenario2)">
<kw name="Open Browser" library="SeleniumLibrary">
<doc>Opens a new browser instance to the optional ``url``.</doc>
<arguments>
<arg>${WELCOME URL}</arg>
<arg>${BROWSER}</arg>
</arguments>
<msg timestamp="20200218 16:10:43.411" level="INFO">Opening browser 'chrome' to base url 'http://10.199.66.227/SoftEn2020/Sec02/Smurf/template/UIshowlist.php'.</msg>
<status status="PASS" starttime="20200218 16:10:43.411" endtime="20200218 16:10:49.784"></status>
</kw>
<kw name="Set Selenium Speed" library="SeleniumLibrary">
<doc>Sets the delay that is waited after each Selenium command.</doc>
<arguments>
<arg>${DELAY}</arg>
</arguments>
<status status="PASS" starttime="20200218 16:10:49.785" endtime="20200218 16:10:49.785"></status>
</kw>
<kw name="Location Should Be" library="SeleniumLibrary">
<doc>Verifies that the current URL is exactly ``url``.</doc>
<arguments>
<arg>${WELCOME URL}</arg>
</arguments>
<msg timestamp="20200218 16:10:49.800" level="INFO">Current location is 'http://10.199.66.227/SoftEn2020/Sec02/Smurf/template/UIshowlist.php'.</msg>
<status status="PASS" starttime="20200218 16:10:49.786" endtime="20200218 16:10:49.800"></status>
</kw>
<kw name="Click Element" library="SeleniumLibrary">
<doc>Click the element identified by ``locator``.</doc>
<arguments>
<arg>xpath=/html/body/div[2]/div[2]/div[1]/div[2]/form/select/option[2]</arg>
</arguments>
<msg timestamp="20200218 16:10:49.801" level="INFO">Clicking element 'xpath=/html/body/div[2]/div[2]/div[1]/div[2]/form/select/option[2]'.</msg>
<status status="PASS" starttime="20200218 16:10:49.800" endtime="20200218 16:10:49.944"></status>
</kw>
<kw name="Click Button" library="SeleniumLibrary">
<doc>Clicks the button identified by ``locator``.</doc>
<arguments>
<arg>search</arg>
</arguments>
<msg timestamp="20200218 16:10:49.945" level="INFO">Clicking button 'search'.</msg>
<status status="PASS" starttime="20200218 16:10:49.945" endtime="20200218 16:10:50.258"></status>
</kw>
<kw name="Wait Until Page Contains" library="SeleniumLibrary">
<doc>Waits until ``text`` appears on the current page.</doc>
<arguments>
<arg>Available</arg>
</arguments>
<status status="PASS" starttime="20200218 16:10:50.259" endtime="20200218 16:10:50.291"></status>
</kw>
<kw name="Capture Page Screenshot" library="SeleniumLibrary">
<doc>Takes a screenshot of the current page and embeds it into a log file.</doc>
<arguments>
<arg>TC01[TestScenario2].jpg</arg>
</arguments>
<msg timestamp="20200218 16:10:50.912" level="INFO" html="yes">&lt;/td&gt;&lt;/tr&gt;&lt;tr&gt;&lt;td colspan="3"&gt;&lt;a href="TC01%5BTestScenario2%5D.jpg"&gt;&lt;img src="TC01%5BTestScenario2%5D.jpg" width="800px"&gt;&lt;/a&gt;</msg>
<status status="PASS" starttime="20200218 16:10:50.292" endtime="20200218 16:10:50.912"></status>
</kw>
<kw name="Close Browser" library="SeleniumLibrary">
<doc>Closes the current browser.</doc>
<status status="PASS" starttime="20200218 16:10:50.912" endtime="20200218 16:10:53.153"></status>
</kw>
<status status="PASS" starttime="20200218 16:10:43.411" endtime="20200218 16:10:53.154" critical="yes"></status>
</test>
<test id="s1-t3" name="TC02(TestScenario2)">
<kw name="Open Browser" library="SeleniumLibrary">
<doc>Opens a new browser instance to the optional ``url``.</doc>
<arguments>
<arg>${WELCOME URL}</arg>
<arg>${BROWSER}</arg>
</arguments>
<msg timestamp="20200218 16:10:53.157" level="INFO">Opening browser 'chrome' to base url 'http://10.199.66.227/SoftEn2020/Sec02/Smurf/template/UIshowlist.php'.</msg>
<status status="PASS" starttime="20200218 16:10:53.157" endtime="20200218 16:10:59.706"></status>
</kw>
<kw name="Set Selenium Speed" library="SeleniumLibrary">
<doc>Sets the delay that is waited after each Selenium command.</doc>
<arguments>
<arg>${DELAY}</arg>
</arguments>
<status status="PASS" starttime="20200218 16:10:59.707" endtime="20200218 16:10:59.708"></status>
</kw>
<kw name="Location Should Be" library="SeleniumLibrary">
<doc>Verifies that the current URL is exactly ``url``.</doc>
<arguments>
<arg>${WELCOME URL}</arg>
</arguments>
<msg timestamp="20200218 16:10:59.733" level="INFO">Current location is 'http://10.199.66.227/SoftEn2020/Sec02/Smurf/template/UIshowlist.php'.</msg>
<status status="PASS" starttime="20200218 16:10:59.708" endtime="20200218 16:10:59.733"></status>
</kw>
<kw name="Click Element" library="SeleniumLibrary">
<doc>Click the element identified by ``locator``.</doc>
<arguments>
<arg>xpath=/html/body/div[2]/div[2]/div[1]/div[2]/form/select/option[3]</arg>
</arguments>
<msg timestamp="20200218 16:10:59.733" level="INFO">Clicking element 'xpath=/html/body/div[2]/div[2]/div[1]/div[2]/form/select/option[3]'.</msg>
<status status="PASS" starttime="20200218 16:10:59.733" endtime="20200218 16:10:59.850"></status>
</kw>
<kw name="Click Button" library="SeleniumLibrary">
<doc>Clicks the button identified by ``locator``.</doc>
<arguments>
<arg>search</arg>
</arguments>
<msg timestamp="20200218 16:10:59.851" level="INFO">Clicking button 'search'.</msg>
<status status="PASS" starttime="20200218 16:10:59.851" endtime="20200218 16:11:00.186"></status>
</kw>
<kw name="Wait Until Page Contains" library="SeleniumLibrary">
<doc>Waits until ``text`` appears on the current page.</doc>
<arguments>
<arg>Busy</arg>
</arguments>
<status status="PASS" starttime="20200218 16:11:00.187" endtime="20200218 16:11:00.205"></status>
</kw>
<kw name="Capture Page Screenshot" library="SeleniumLibrary">
<doc>Takes a screenshot of the current page and embeds it into a log file.</doc>
<arguments>
<arg>TC02[TestScenario2].jpg</arg>
</arguments>
<msg timestamp="20200218 16:11:00.749" level="INFO" html="yes">&lt;/td&gt;&lt;/tr&gt;&lt;tr&gt;&lt;td colspan="3"&gt;&lt;a href="TC02%5BTestScenario2%5D.jpg"&gt;&lt;img src="TC02%5BTestScenario2%5D.jpg" width="800px"&gt;&lt;/a&gt;</msg>
<status status="PASS" starttime="20200218 16:11:00.206" endtime="20200218 16:11:00.749"></status>
</kw>
<kw name="Close Browser" library="SeleniumLibrary">
<doc>Closes the current browser.</doc>
<status status="PASS" starttime="20200218 16:11:00.750" endtime="20200218 16:11:02.907"></status>
</kw>
<status status="PASS" starttime="20200218 16:10:53.155" endtime="20200218 16:11:02.909" critical="yes"></status>
</test>
<test id="s1-t4" name="TC03(TestScenario2)">
<kw name="Open Browser" library="SeleniumLibrary">
<doc>Opens a new browser instance to the optional ``url``.</doc>
<arguments>
<arg>${WELCOME URL}</arg>
<arg>${BROWSER}</arg>
</arguments>
<msg timestamp="20200218 16:11:02.915" level="INFO">Opening browser 'chrome' to base url 'http://10.199.66.227/SoftEn2020/Sec02/Smurf/template/UIshowlist.php'.</msg>
<status status="PASS" starttime="20200218 16:11:02.914" endtime="20200218 16:11:09.682"></status>
</kw>
<kw name="Set Selenium Speed" library="SeleniumLibrary">
<doc>Sets the delay that is waited after each Selenium command.</doc>
<arguments>
<arg>${DELAY}</arg>
</arguments>
<status status="PASS" starttime="20200218 16:11:09.683" endtime="20200218 16:11:09.684"></status>
</kw>
<kw name="Location Should Be" library="SeleniumLibrary">
<doc>Verifies that the current URL is exactly ``url``.</doc>
<arguments>
<arg>${WELCOME URL}</arg>
</arguments>
<msg timestamp="20200218 16:11:09.699" level="INFO">Current location is 'http://10.199.66.227/SoftEn2020/Sec02/Smurf/template/UIshowlist.php'.</msg>
<status status="PASS" starttime="20200218 16:11:09.684" endtime="20200218 16:11:09.699"></status>
</kw>
<kw name="Click Element" library="SeleniumLibrary">
<doc>Click the element identified by ``locator``.</doc>
<arguments>
<arg>xpath=/html/body/div[2]/div[2]/div[1]/div[2]/form/select/option[1]</arg>
</arguments>
<msg timestamp="20200218 16:11:09.700" level="INFO">Clicking element 'xpath=/html/body/div[2]/div[2]/div[1]/div[2]/form/select/option[1]'.</msg>
<status status="PASS" starttime="20200218 16:11:09.699" endtime="20200218 16:11:09.824"></status>
</kw>
<kw name="Click Button" library="SeleniumLibrary">
<doc>Clicks the button identified by ``locator``.</doc>
<arguments>
<arg>search</arg>
</arguments>
<msg timestamp="20200218 16:11:09.825" level="INFO">Clicking button 'search'.</msg>
<status status="PASS" starttime="20200218 16:11:09.825" endtime="20200218 16:11:10.186"></status>
</kw>
<kw name="Wait Until Page Contains" library="SeleniumLibrary">
<doc>Waits until ``text`` appears on the current page.</doc>
<arguments>
<arg>Busy</arg>
</arguments>
<status status="PASS" starttime="20200218 16:11:10.186" endtime="20200218 16:11:10.203"></status>
</kw>
<kw name="Wait Until Page Contains" library="SeleniumLibrary">
<doc>Waits until ``text`` appears on the current page.</doc>
<arguments>
<arg>Available</arg>
</arguments>
<status status="PASS" starttime="20200218 16:11:10.203" endtime="20200218 16:11:10.216"></status>
</kw>
<kw name="Capture Page Screenshot" library="SeleniumLibrary">
<doc>Takes a screenshot of the current page and embeds it into a log file.</doc>
<arguments>
<arg>TC03[TestScenario2].jpg</arg>
</arguments>
<msg timestamp="20200218 16:11:10.789" level="INFO" html="yes">&lt;/td&gt;&lt;/tr&gt;&lt;tr&gt;&lt;td colspan="3"&gt;&lt;a href="TC03%5BTestScenario2%5D.jpg"&gt;&lt;img src="TC03%5BTestScenario2%5D.jpg" width="800px"&gt;&lt;/a&gt;</msg>
<status status="PASS" starttime="20200218 16:11:10.216" endtime="20200218 16:11:10.789"></status>
</kw>
<kw name="Close Browser" library="SeleniumLibrary">
<doc>Closes the current browser.</doc>
<status status="PASS" starttime="20200218 16:11:10.789" endtime="20200218 16:11:13.031"></status>
</kw>
<status status="PASS" starttime="20200218 16:11:02.912" endtime="20200218 16:11:13.032" critical="yes"></status>
</test>
<test id="s1-t5" name="TC04(TestScenario2)">
<kw name="Open Browser" library="SeleniumLibrary">
<doc>Opens a new browser instance to the optional ``url``.</doc>
<arguments>
<arg>${WELCOME URL}</arg>
<arg>${BROWSER}</arg>
</arguments>
<msg timestamp="20200218 16:11:13.035" level="INFO">Opening browser 'chrome' to base url 'http://10.199.66.227/SoftEn2020/Sec02/Smurf/template/UIshowlist.php'.</msg>
<status status="PASS" starttime="20200218 16:11:13.035" endtime="20200218 16:11:20.177"></status>
</kw>
<kw name="Set Selenium Speed" library="SeleniumLibrary">
<doc>Sets the delay that is waited after each Selenium command.</doc>
<arguments>
<arg>${DELAY}</arg>
</arguments>
<status status="PASS" starttime="20200218 16:11:20.178" endtime="20200218 16:11:20.179"></status>
</kw>
<kw name="Location Should Be" library="SeleniumLibrary">
<doc>Verifies that the current URL is exactly ``url``.</doc>
<arguments>
<arg>${WELCOME URL}</arg>
</arguments>
<msg timestamp="20200218 16:11:20.198" level="INFO">Current location is 'http://10.199.66.227/SoftEn2020/Sec02/Smurf/template/UIshowlist.php'.</msg>
<status status="PASS" starttime="20200218 16:11:20.180" endtime="20200218 16:11:20.198"></status>
</kw>
<kw name="Input Text" library="SeleniumLibrary">
<doc>Types the given ``text`` into the text field identified by ``locator``.</doc>
<arguments>
<arg>sechKeyword</arg>
<arg>${Device}</arg>
</arguments>
<msg timestamp="20200218 16:11:20.198" level="INFO">Typing text 'msi' into text field 'sechKeyword'.</msg>
<status status="PASS" starttime="20200218 16:11:20.198" endtime="20200218 16:11:20.480"></status>
</kw>
<kw name="Click Element" library="SeleniumLibrary">
<doc>Click the element identified by ``locator``.</doc>
<arguments>
<arg>xpath=//html/body/div[2]/div[2]/div[1]/div[2]/form/select/option[1]</arg>
</arguments>
<msg timestamp="20200218 16:11:20.483" level="INFO">Clicking element 'xpath=//html/body/div[2]/div[2]/div[1]/div[2]/form/select/option[1]'.</msg>
<status status="PASS" starttime="20200218 16:11:20.482" endtime="20200218 16:11:20.551"></status>
</kw>
<kw name="Click Button" library="SeleniumLibrary">
<doc>Clicks the button identified by ``locator``.</doc>
<arguments>
<arg>search</arg>
</arguments>
<msg timestamp="20200218 16:11:20.552" level="INFO">Clicking button 'search'.</msg>
<status status="PASS" starttime="20200218 16:11:20.552" endtime="20200218 16:11:21.019"></status>
</kw>
<kw name="Wait Until Page Contains" library="SeleniumLibrary">
<doc>Waits until ``text`` appears on the current page.</doc>
<arguments>
<arg>msi</arg>
</arguments>
<status status="PASS" starttime="20200218 16:11:21.020" endtime="20200218 16:11:21.048"></status>
</kw>
<kw name="Capture Page Screenshot" library="SeleniumLibrary">
<doc>Takes a screenshot of the current page and embeds it into a log file.</doc>
<arguments>
<arg>TC04[TestScenario2].jpg</arg>
</arguments>
<msg timestamp="20200218 16:11:21.692" level="INFO" html="yes">&lt;/td&gt;&lt;/tr&gt;&lt;tr&gt;&lt;td colspan="3"&gt;&lt;a href="TC04%5BTestScenario2%5D.jpg"&gt;&lt;img src="TC04%5BTestScenario2%5D.jpg" width="800px"&gt;&lt;/a&gt;</msg>
<status status="PASS" starttime="20200218 16:11:21.049" endtime="20200218 16:11:21.692"></status>
</kw>
<kw name="Close Browser" library="SeleniumLibrary">
<doc>Closes the current browser.</doc>
<status status="PASS" starttime="20200218 16:11:21.692" endtime="20200218 16:11:23.979"></status>
</kw>
<status status="PASS" starttime="20200218 16:11:13.034" endtime="20200218 16:11:23.980" critical="yes"></status>
</test>
<test id="s1-t6" name="TC05(TestScenario2)">
<kw name="Open Browser" library="SeleniumLibrary">
<doc>Opens a new browser instance to the optional ``url``.</doc>
<arguments>
<arg>${WELCOME URL}</arg>
<arg>${BROWSER}</arg>
</arguments>
<msg timestamp="20200218 16:11:23.983" level="INFO">Opening browser 'chrome' to base url 'http://10.199.66.227/SoftEn2020/Sec02/Smurf/template/UIshowlist.php'.</msg>
<status status="PASS" starttime="20200218 16:11:23.983" endtime="20200218 16:11:30.817"></status>
</kw>
<kw name="Set Selenium Speed" library="SeleniumLibrary">
<doc>Sets the delay that is waited after each Selenium command.</doc>
<arguments>
<arg>${DELAY}</arg>
</arguments>
<status status="PASS" starttime="20200218 16:11:30.819" endtime="20200218 16:11:30.820"></status>
</kw>
<kw name="Location Should Be" library="SeleniumLibrary">
<doc>Verifies that the current URL is exactly ``url``.</doc>
<arguments>
<arg>${WELCOME URL}</arg>
</arguments>
<msg timestamp="20200218 16:11:30.840" level="INFO">Current location is 'http://10.199.66.227/SoftEn2020/Sec02/Smurf/template/UIshowlist.php'.</msg>
<status status="PASS" starttime="20200218 16:11:30.821" endtime="20200218 16:11:30.840"></status>
</kw>
<kw name="Input Text" library="SeleniumLibrary">
<doc>Types the given ``text`` into the text field identified by ``locator``.</doc>
<arguments>
<arg>sechKeyword</arg>
<arg>${Device}</arg>
</arguments>
<msg timestamp="20200218 16:11:30.844" level="INFO">Typing text 'msi' into text field 'sechKeyword'.</msg>
<status status="PASS" starttime="20200218 16:11:30.844" endtime="20200218 16:11:31.116"></status>
</kw>
<kw name="Click Element" library="SeleniumLibrary">
<doc>Click the element identified by ``locator``.</doc>
<arguments>
<arg>xpath=/html/body/div[2]/div[2]/div[1]/div[2]/form/select/option[2]</arg>
</arguments>
<msg timestamp="20200218 16:11:31.119" level="INFO">Clicking element 'xpath=/html/body/div[2]/div[2]/div[1]/div[2]/form/select/option[2]'.</msg>
<status status="PASS" starttime="20200218 16:11:31.117" endtime="20200218 16:11:31.184"></status>
</kw>
<kw name="Click Button" library="SeleniumLibrary">
<doc>Clicks the button identified by ``locator``.</doc>
<arguments>
<arg>search</arg>
</arguments>
<msg timestamp="20200218 16:11:31.185" level="INFO">Clicking button 'search'.</msg>
<status status="PASS" starttime="20200218 16:11:31.185" endtime="20200218 16:11:31.563"></status>
</kw>
<kw name="Wait Until Page Contains" library="SeleniumLibrary">
<doc>Waits until ``text`` appears on the current page.</doc>
<arguments>
<arg>msi</arg>
</arguments>
<status status="PASS" starttime="20200218 16:11:31.563" endtime="20200218 16:11:31.597"></status>
</kw>
<kw name="Wait Until Page Contains" library="SeleniumLibrary">
<doc>Waits until ``text`` appears on the current page.</doc>
<arguments>
<arg>Available</arg>
</arguments>
<status status="PASS" starttime="20200218 16:11:31.598" endtime="20200218 16:11:31.623"></status>
</kw>
<kw name="Capture Page Screenshot" library="SeleniumLibrary">
<doc>Takes a screenshot of the current page and embeds it into a log file.</doc>
<arguments>
<arg>TC05[TestScenario2].jpg</arg>
</arguments>
<msg timestamp="20200218 16:11:32.252" level="INFO" html="yes">&lt;/td&gt;&lt;/tr&gt;&lt;tr&gt;&lt;td colspan="3"&gt;&lt;a href="TC05%5BTestScenario2%5D.jpg"&gt;&lt;img src="TC05%5BTestScenario2%5D.jpg" width="800px"&gt;&lt;/a&gt;</msg>
<status status="PASS" starttime="20200218 16:11:31.623" endtime="20200218 16:11:32.252"></status>
</kw>
<kw name="Close Browser" library="SeleniumLibrary">
<doc>Closes the current browser.</doc>
<status status="PASS" starttime="20200218 16:11:32.252" endtime="20200218 16:11:34.511"></status>
</kw>
<status status="PASS" starttime="20200218 16:11:23.982" endtime="20200218 16:11:34.511" critical="yes"></status>
</test>
<test id="s1-t7" name="TC06(TestScenario2)">
<kw name="Open Browser" library="SeleniumLibrary">
<doc>Opens a new browser instance to the optional ``url``.</doc>
<arguments>
<arg>${WELCOME URL}</arg>
<arg>${BROWSER}</arg>
</arguments>
<msg timestamp="20200218 16:11:34.515" level="INFO">Opening browser 'chrome' to base url 'http://10.199.66.227/SoftEn2020/Sec02/Smurf/template/UIshowlist.php'.</msg>
<status status="PASS" starttime="20200218 16:11:34.514" endtime="20200218 16:11:41.971"></status>
</kw>
<kw name="Set Selenium Speed" library="SeleniumLibrary">
<doc>Sets the delay that is waited after each Selenium command.</doc>
<arguments>
<arg>${DELAY}</arg>
</arguments>
<status status="PASS" starttime="20200218 16:11:41.971" endtime="20200218 16:11:41.972"></status>
</kw>
<kw name="Location Should Be" library="SeleniumLibrary">
<doc>Verifies that the current URL is exactly ``url``.</doc>
<arguments>
<arg>${WELCOME URL}</arg>
</arguments>
<msg timestamp="20200218 16:11:42.000" level="INFO">Current location is 'http://10.199.66.227/SoftEn2020/Sec02/Smurf/template/UIshowlist.php'.</msg>
<status status="PASS" starttime="20200218 16:11:41.972" endtime="20200218 16:11:42.000"></status>
</kw>
<kw name="Input Text" library="SeleniumLibrary">
<doc>Types the given ``text`` into the text field identified by ``locator``.</doc>
<arguments>
<arg>sechKeyword</arg>
<arg>${Device}</arg>
</arguments>
<msg timestamp="20200218 16:11:42.000" level="INFO">Typing text 'msi' into text field 'sechKeyword'.</msg>
<status status="PASS" starttime="20200218 16:11:42.000" endtime="20200218 16:11:42.109"></status>
</kw>
<kw name="Click Element" library="SeleniumLibrary">
<doc>Click the element identified by ``locator``.</doc>
<arguments>
<arg>xpath=/html/body/div[2]/div[2]/div[1]/div[2]/form/select/option[3]</arg>
</arguments>
<msg timestamp="20200218 16:11:42.110" level="INFO">Clicking element 'xpath=/html/body/div[2]/div[2]/div[1]/div[2]/form/select/option[3]'.</msg>
<status status="PASS" starttime="20200218 16:11:42.110" endtime="20200218 16:11:42.149"></status>
</kw>
<kw name="Click Button" library="SeleniumLibrary">
<doc>Clicks the button identified by ``locator``.</doc>
<arguments>
<arg>search</arg>
</arguments>
<msg timestamp="20200218 16:11:42.150" level="INFO">Clicking button 'search'.</msg>
<status status="PASS" starttime="20200218 16:11:42.150" endtime="20200218 16:11:42.477"></status>
</kw>
<kw name="Wait Until Page Contains" library="SeleniumLibrary">
<doc>Waits until ``text`` appears on the current page.</doc>
<arguments>
<arg>msi</arg>
</arguments>
<status status="PASS" starttime="20200218 16:11:42.478" endtime="20200218 16:11:42.513"></status>
</kw>
<kw name="Wait Until Page Contains" library="SeleniumLibrary">
<doc>Waits until ``text`` appears on the current page.</doc>
<arguments>
<arg>Busy</arg>
</arguments>
<status status="PASS" starttime="20200218 16:11:42.514" endtime="20200218 16:11:42.549"></status>
</kw>
<kw name="Capture Page Screenshot" library="SeleniumLibrary">
<doc>Takes a screenshot of the current page and embeds it into a log file.</doc>
<arguments>
<arg>TC06[TestScenario2].jpg</arg>
</arguments>
<msg timestamp="20200218 16:11:43.164" level="INFO" html="yes">&lt;/td&gt;&lt;/tr&gt;&lt;tr&gt;&lt;td colspan="3"&gt;&lt;a href="TC06%5BTestScenario2%5D.jpg"&gt;&lt;img src="TC06%5BTestScenario2%5D.jpg" width="800px"&gt;&lt;/a&gt;</msg>
<status status="PASS" starttime="20200218 16:11:42.549" endtime="20200218 16:11:43.164"></status>
</kw>
<kw name="Close Browser" library="SeleniumLibrary">
<doc>Closes the current browser.</doc>
<status status="PASS" starttime="20200218 16:11:43.164" endtime="20200218 16:11:45.454"></status>
</kw>
<status status="PASS" starttime="20200218 16:11:34.513" endtime="20200218 16:11:45.455" critical="yes"></status>
</test>
<test id="s1-t8" name="TC07(TestScenario2)">
<kw name="Open Browser" library="SeleniumLibrary">
<doc>Opens a new browser instance to the optional ``url``.</doc>
<arguments>
<arg>${WELCOME URL}</arg>
<arg>${BROWSER}</arg>
</arguments>
<msg timestamp="20200218 16:11:45.459" level="INFO">Opening browser 'chrome' to base url 'http://10.199.66.227/SoftEn2020/Sec02/Smurf/template/UIshowlist.php'.</msg>
<status status="PASS" starttime="20200218 16:11:45.459" endtime="20200218 16:11:51.914"></status>
</kw>
<kw name="Set Selenium Speed" library="SeleniumLibrary">
<doc>Sets the delay that is waited after each Selenium command.</doc>
<arguments>
<arg>${DELAY}</arg>
</arguments>
<status status="PASS" starttime="20200218 16:11:51.914" endtime="20200218 16:11:51.914"></status>
</kw>
<kw name="Location Should Be" library="SeleniumLibrary">
<doc>Verifies that the current URL is exactly ``url``.</doc>
<arguments>
<arg>${WELCOME URL}</arg>
</arguments>
<msg timestamp="20200218 16:11:51.932" level="INFO">Current location is 'http://10.199.66.227/SoftEn2020/Sec02/Smurf/template/UIshowlist.php'.</msg>
<status status="PASS" starttime="20200218 16:11:51.914" endtime="20200218 16:11:51.933"></status>
</kw>
<kw name="Input Text" library="SeleniumLibrary">
<doc>Types the given ``text`` into the text field identified by ``locator``.</doc>
<arguments>
<arg>sechKeyword</arg>
<arg>${Device1}</arg>
</arguments>
<msg timestamp="20200218 16:11:51.935" level="INFO">Typing text 'msi monitor 25' into text field 'sechKeyword'.</msg>
<status status="PASS" starttime="20200218 16:11:51.934" endtime="20200218 16:11:52.133"></status>
</kw>
<kw name="Click Button" library="SeleniumLibrary">
<doc>Clicks the button identified by ``locator``.</doc>
<arguments>
<arg>search</arg>
</arguments>
<msg timestamp="20200218 16:11:52.134" level="INFO">Clicking button 'search'.</msg>
<status status="PASS" starttime="20200218 16:11:52.134" endtime="20200218 16:11:52.385"></status>
</kw>
<kw name="Wait Until Page Contains" library="SeleniumLibrary">
<doc>Waits until ``text`` appears on the current page.</doc>
<arguments>
<arg>ไม่มีรายการอุปกรณ์ที่ค้นหา</arg>
</arguments>
<status status="PASS" starttime="20200218 16:11:52.385" endtime="20200218 16:11:52.402"></status>
</kw>
<kw name="Capture Page Screenshot" library="SeleniumLibrary">
<doc>Takes a screenshot of the current page and embeds it into a log file.</doc>
<arguments>
<arg>TC07[TestScenario2].jpg</arg>
</arguments>
<msg timestamp="20200218 16:11:52.886" level="INFO" html="yes">&lt;/td&gt;&lt;/tr&gt;&lt;tr&gt;&lt;td colspan="3"&gt;&lt;a href="TC07%5BTestScenario2%5D.jpg"&gt;&lt;img src="TC07%5BTestScenario2%5D.jpg" width="800px"&gt;&lt;/a&gt;</msg>
<status status="PASS" starttime="20200218 16:11:52.402" endtime="20200218 16:11:52.886"></status>
</kw>
<kw name="Close Browser" library="SeleniumLibrary">
<doc>Closes the current browser.</doc>
<status status="PASS" starttime="20200218 16:11:52.887" endtime="20200218 16:11:55.481"></status>
</kw>
<status status="PASS" starttime="20200218 16:11:45.458" endtime="20200218 16:11:55.482" critical="yes"></status>
</test>
<status status="PASS" starttime="20200218 16:10:33.540" endtime="20200218 16:11:55.489"></status>
</suite>
<statistics>
<total>
<stat pass="8" fail="0">Critical Tests</stat>
<stat pass="8" fail="0">All Tests</stat>
</total>
<tag>
</tag>
<suite>
<stat pass="8" fail="0" id="s1" name="TestSmurf">TestSmurf</stat>
</suite>
</statistics>
<errors>
</errors>
</robot>
